<?xml version="1.0" encoding="UTF-8"?>
<testsuite name="org.geon.study.board.mapper.ReplyMapperTests" tests="2" skipped="0" failures="0" errors="0" timestamp="2023-03-28T08:54:05" hostname="DESKTOP-RH2POBE" time="169.6">
  <properties/>
  <testcase name="getBoardTest()" classname="org.geon.study.board.mapper.ReplyMapperTests" time="0.184"/>
  <testcase name="insertReply()" classname="org.geon.study.board.mapper.ReplyMapperTests" time="169.415"/>
  <system-out><![CDATA[2023-03-28 17:54:05.590  INFO 2848 --- [    Test worker] .b.t.c.SpringBootTestContextBootstrapper : Neither @ContextConfiguration nor @ContextHierarchy found for test class [org.geon.study.board.mapper.ReplyMapperTests], using SpringBootContextLoader
2023-03-28 17:54:05.591  INFO 2848 --- [    Test worker] o.s.t.c.support.AbstractContextLoader    : Could not detect default resource locations for test class [org.geon.study.board.mapper.ReplyMapperTests]: no resource found for suffixes {-context.xml, Context.groovy}.
2023-03-28 17:54:05.591  INFO 2848 --- [    Test worker] t.c.s.AnnotationConfigContextLoaderUtils : Could not detect default configuration classes for test class [org.geon.study.board.mapper.ReplyMapperTests]: ReplyMapperTests does not declare any static, non-private, non-final, nested classes annotated with @Configuration.
2023-03-28 17:54:05.591  INFO 2848 --- [    Test worker] .b.t.c.SpringBootTestContextBootstrapper : Found @SpringBootConfiguration org.geon.study.StudyApplication for test class org.geon.study.board.mapper.ReplyMapperTests
2023-03-28 17:54:05.593  INFO 2848 --- [    Test worker] .b.t.c.SpringBootTestContextBootstrapper : Loaded default TestExecutionListener class names from location [META-INF/spring.factories]: [org.springframework.boot.test.autoconfigure.restdocs.RestDocsTestExecutionListener, org.springframework.boot.test.autoconfigure.web.client.MockRestServiceServerResetTestExecutionListener, org.springframework.boot.test.autoconfigure.web.servlet.MockMvcPrintOnlyOnFailureTestExecutionListener, org.springframework.boot.test.autoconfigure.web.servlet.WebDriverTestExecutionListener, org.springframework.boot.test.autoconfigure.webservices.client.MockWebServiceServerTestExecutionListener, org.springframework.boot.test.mock.mockito.MockitoTestExecutionListener, org.springframework.boot.test.mock.mockito.ResetMocksTestExecutionListener, org.springframework.test.context.web.ServletTestExecutionListener, org.springframework.test.context.support.DirtiesContextBeforeModesTestExecutionListener, org.springframework.test.context.event.ApplicationEventsTestExecutionListener, org.springframework.test.context.support.DependencyInjectionTestExecutionListener, org.springframework.test.context.support.DirtiesContextTestExecutionListener, org.springframework.test.context.transaction.TransactionalTestExecutionListener, org.springframework.test.context.jdbc.SqlScriptsTestExecutionListener, org.springframework.test.context.event.EventPublishingTestExecutionListener]
2023-03-28 17:54:05.593  INFO 2848 --- [    Test worker] .b.t.c.SpringBootTestContextBootstrapper : Using TestExecutionListeners: [org.springframework.test.context.web.ServletTestExecutionListener@395abe85, org.springframework.test.context.support.DirtiesContextBeforeModesTestExecutionListener@55849272, org.springframework.test.context.event.ApplicationEventsTestExecutionListener@2eb91767, org.springframework.boot.test.mock.mockito.MockitoTestExecutionListener@520eb9f8, org.springframework.boot.test.autoconfigure.SpringBootDependencyInjectionTestExecutionListener@3ecc9baa, org.springframework.test.context.support.DirtiesContextTestExecutionListener@4f2a9903, org.springframework.test.context.transaction.TransactionalTestExecutionListener@294ebdae, org.springframework.test.context.jdbc.SqlScriptsTestExecutionListener@e280006, org.springframework.test.context.event.EventPublishingTestExecutionListener@54e3cba2, org.springframework.boot.test.autoconfigure.restdocs.RestDocsTestExecutionListener@4f1aa2bc, org.springframework.boot.test.autoconfigure.web.client.MockRestServiceServerResetTestExecutionListener@13e5c53c, org.springframework.boot.test.autoconfigure.web.servlet.MockMvcPrintOnlyOnFailureTestExecutionListener@5d03df76, org.springframework.boot.test.autoconfigure.web.servlet.WebDriverTestExecutionListener@17f7a1af, org.springframework.boot.test.autoconfigure.webservices.client.MockWebServiceServerTestExecutionListener@d62feaf, org.springframework.boot.test.mock.mockito.ResetMocksTestExecutionListener@3093161a]
2023-03-28 17:54:05.780  INFO 2848 --- [    Test worker] o.g.study.board.mapper.ReplyMapperTests  : [Reply(rno=1406, bno=1, reply=reply...405, nickname=nickname...405, regDate=null, modDate=null, delFlag=false), Reply(rno=1194, bno=1, reply=reply...193, nickname=nickname...193, regDate=null, modDate=null, delFlag=false), Reply(rno=1189, bno=1, reply=reply...188, nickname=nickname...188, regDate=null, modDate=null, delFlag=false), Reply(rno=1155, bno=1, reply=reply...154, nickname=nickname...154, regDate=null, modDate=null, delFlag=false), Reply(rno=1117, bno=1, reply=reply...116, nickname=nickname...116, regDate=null, modDate=null, delFlag=false), Reply(rno=1105, bno=1, reply=reply...104, nickname=nickname...104, regDate=null, modDate=null, delFlag=false), Reply(rno=1097, bno=1, reply=reply...96, nickname=nickname...96, regDate=null, modDate=null, delFlag=false), Reply(rno=991, bno=1, reply=reply...490, nickname=nickname...490, regDate=null, modDate=null, delFlag=false), Reply(rno=929, bno=1, reply=reply...428, nickname=nickname...428, regDate=null, modDate=null, delFlag=false), Reply(rno=885, bno=1, reply=reply...384, nickname=nickname...384, regDate=null, modDate=null, delFlag=false), Reply(rno=874, bno=1, reply=reply...373, nickname=nickname...373, regDate=null, modDate=null, delFlag=false), Reply(rno=768, bno=1, reply=reply...267, nickname=nickname...267, regDate=null, modDate=null, delFlag=false), Reply(rno=749, bno=1, reply=reply...248, nickname=nickname...248, regDate=null, modDate=null, delFlag=false), Reply(rno=723, bno=1, reply=reply...222, nickname=nickname...222, regDate=null, modDate=null, delFlag=false), Reply(rno=700, bno=1, reply=reply...199, nickname=nickname...199, regDate=null, modDate=null, delFlag=false), Reply(rno=690, bno=1, reply=reply...189, nickname=nickname...189, regDate=null, modDate=null, delFlag=false), Reply(rno=623, bno=1, reply=reply...122, nickname=nickname...122, regDate=null, modDate=null, delFlag=false), Reply(rno=564, bno=1, reply=reply...63, nickname=nickname...63, regDate=null, modDate=null, delFlag=false), Reply(rno=544, bno=1, reply=reply...43, nickname=nickname...43, regDate=null, modDate=null, delFlag=false), Reply(rno=265, bno=1, reply=reply...264, nickname=nickname...264, regDate=null, modDate=null, delFlag=false), Reply(rno=195, bno=1, reply=reply...194, nickname=nickname...194, regDate=null, modDate=null, delFlag=false), Reply(rno=157, bno=1, reply=reply...156, nickname=nickname...156, regDate=null, modDate=null, delFlag=false), Reply(rno=91, bno=1, reply=reply...90, nickname=nickname...90, regDate=null, modDate=null, delFlag=false), Reply(rno=49, bno=1, reply=reply...48, nickname=nickname...48, regDate=null, modDate=null, delFlag=false), Reply(rno=1, bno=1, reply=reply test.............., nickname=geon, regDate=null, modDate=null, delFlag=false)]
]]></system-out>
  <system-err><![CDATA[]]></system-err>
</testsuite>
