<?xml version="1.0" encoding="UTF-8"?>
<testsuite name="org.geon.study.jdbc.TimeMapperTests" tests="2" skipped="0" failures="0" errors="0" timestamp="2023-03-28T08:56:55" hostname="DESKTOP-RH2POBE" time="0.343">
  <properties/>
  <testcase name="timeNowTest()" classname="org.geon.study.jdbc.TimeMapperTests" time="0.173"/>
  <testcase name="timeNowTest2()" classname="org.geon.study.jdbc.TimeMapperTests" time="0.17"/>
  <system-out><![CDATA[2023-03-28 17:56:55.625  INFO 2848 --- [    Test worker] .b.t.c.SpringBootTestContextBootstrapper : Neither @ContextConfiguration nor @ContextHierarchy found for test class [org.geon.study.jdbc.TimeMapperTests], using SpringBootContextLoader
2023-03-28 17:56:55.625  INFO 2848 --- [    Test worker] o.s.t.c.support.AbstractContextLoader    : Could not detect default resource locations for test class [org.geon.study.jdbc.TimeMapperTests]: no resource found for suffixes {-context.xml, Context.groovy}.
2023-03-28 17:56:55.625  INFO 2848 --- [    Test worker] t.c.s.AnnotationConfigContextLoaderUtils : Could not detect default configuration classes for test class [org.geon.study.jdbc.TimeMapperTests]: TimeMapperTests does not declare any static, non-private, non-final, nested classes annotated with @Configuration.
2023-03-28 17:56:55.629  INFO 2848 --- [    Test worker] .b.t.c.SpringBootTestContextBootstrapper : Found @SpringBootConfiguration org.geon.study.StudyApplication for test class org.geon.study.jdbc.TimeMapperTests
2023-03-28 17:56:55.631  INFO 2848 --- [    Test worker] .b.t.c.SpringBootTestContextBootstrapper : Loaded default TestExecutionListener class names from location [META-INF/spring.factories]: [org.springframework.boot.test.autoconfigure.restdocs.RestDocsTestExecutionListener, org.springframework.boot.test.autoconfigure.web.client.MockRestServiceServerResetTestExecutionListener, org.springframework.boot.test.autoconfigure.web.servlet.MockMvcPrintOnlyOnFailureTestExecutionListener, org.springframework.boot.test.autoconfigure.web.servlet.WebDriverTestExecutionListener, org.springframework.boot.test.autoconfigure.webservices.client.MockWebServiceServerTestExecutionListener, org.springframework.boot.test.mock.mockito.MockitoTestExecutionListener, org.springframework.boot.test.mock.mockito.ResetMocksTestExecutionListener, org.springframework.test.context.web.ServletTestExecutionListener, org.springframework.test.context.support.DirtiesContextBeforeModesTestExecutionListener, org.springframework.test.context.event.ApplicationEventsTestExecutionListener, org.springframework.test.context.support.DependencyInjectionTestExecutionListener, org.springframework.test.context.support.DirtiesContextTestExecutionListener, org.springframework.test.context.transaction.TransactionalTestExecutionListener, org.springframework.test.context.jdbc.SqlScriptsTestExecutionListener, org.springframework.test.context.event.EventPublishingTestExecutionListener]
2023-03-28 17:56:55.631  INFO 2848 --- [    Test worker] .b.t.c.SpringBootTestContextBootstrapper : Using TestExecutionListeners: [org.springframework.test.context.web.ServletTestExecutionListener@5263f554, org.springframework.test.context.support.DirtiesContextBeforeModesTestExecutionListener@7d28efd5, org.springframework.test.context.event.ApplicationEventsTestExecutionListener@95958d9, org.springframework.boot.test.mock.mockito.MockitoTestExecutionListener@70fe33fa, org.springframework.boot.test.autoconfigure.SpringBootDependencyInjectionTestExecutionListener@3dfaa1e4, org.springframework.test.context.support.DirtiesContextTestExecutionListener@796a7c9, org.springframework.test.context.transaction.TransactionalTestExecutionListener@44cab872, org.springframework.test.context.jdbc.SqlScriptsTestExecutionListener@452a32f2, org.springframework.test.context.event.EventPublishingTestExecutionListener@2db75e32, org.springframework.boot.test.autoconfigure.restdocs.RestDocsTestExecutionListener@1f2d0ca2, org.springframework.boot.test.autoconfigure.web.client.MockRestServiceServerResetTestExecutionListener@e353e1d, org.springframework.boot.test.autoconfigure.web.servlet.MockMvcPrintOnlyOnFailureTestExecutionListener@1a1c308b, org.springframework.boot.test.autoconfigure.web.servlet.WebDriverTestExecutionListener@d4dbb34, org.springframework.boot.test.autoconfigure.webservices.client.MockWebServiceServerTestExecutionListener@7af2ee23, org.springframework.boot.test.mock.mockito.ResetMocksTestExecutionListener@5d10e2b6]
2023-03-28 17:56:55.807  INFO 2848 --- [    Test worker] org.geon.study.jdbc.TimeMapperTests      : 2023-03-28 17:56:55
2023-03-28 17:56:55.978  INFO 2848 --- [    Test worker] org.geon.study.jdbc.TimeMapperTests      : 2023-03-28 17:56:55
]]></system-out>
  <system-err><![CDATA[]]></system-err>
</testsuite>
