<?xml version="1.0" encoding="UTF-8"?>
<testsuite name="org.geon.study.board.dto.UserRoleTests" tests="5" skipped="0" failures="0" errors="0" timestamp="2023-03-28T08:51:13" hostname="DESKTOP-RH2POBE" time="0.004">
  <properties/>
  <testcase name="timeTest()" classname="org.geon.study.board.dto.UserRoleTests" time="0.0"/>
  <testcase name="userRoleConstTest()" classname="org.geon.study.board.dto.UserRoleTests" time="0.001"/>
  <testcase name="roleToValueTest()" classname="org.geon.study.board.dto.UserRoleTests" time="0.001"/>
  <testcase name="findRoleTest()" classname="org.geon.study.board.dto.UserRoleTests" time="0.001"/>
  <testcase name="roleEqualTest()" classname="org.geon.study.board.dto.UserRoleTests" time="0.0"/>
  <system-out><![CDATA[2023-03-28 17:51:13.571  INFO 2848 --- [    Test worker] org.geon.study.board.dto.UserRoleTests   : 2023-03-28 17:51
false
4
1
3
USER
ADMIN
MANAGER
USER
]]></system-out>
  <system-err><![CDATA[]]></system-err>
</testsuite>
