<?xml version="1.0" encoding="UTF-8"?>
<testsuite name="org.geon.study.board.service.StreamServiceTests" tests="4" skipped="0" failures="0" errors="0" timestamp="2023-03-28T08:56:55" hostname="DESKTOP-RH2POBE" time="0.001">
  <properties/>
  <testcase name="searchTest()" classname="org.geon.study.board.service.StreamServiceTests" time="0.0"/>
  <testcase name="searchTest2()" classname="org.geon.study.board.service.StreamServiceTests" time="0.0"/>
  <testcase name="searchTest3()" classname="org.geon.study.board.service.StreamServiceTests" time="0.0"/>
  <testcase name="getList()" classname="org.geon.study.board.service.StreamServiceTests" time="0.0"/>
  <system-out><![CDATA[true
]]></system-out>
  <system-err><![CDATA[]]></system-err>
</testsuite>
